# JRE version: OpenJDK Runtime Environment 18.9 (11.0.14.1+1) (build 11.0.14.1+1)
# Java VM: OpenJDK 64-Bit Server VM 18.9 (11.0.14.1+1, mixed mode, sharing, tiered, compressed oops, g1 gc, linux-amd64)
Heap:
 garbage-first heap   total 524288K, used 291939K [0x00000000e0000000, 0x0000000100000000)
  region size 1024K, 97 young (99328K), 2 survivors (2048K)
 Metaspace       used 154225K, capacity 160565K, committed 161100K, reserved 395264K
  class space    used 18964K, capacity 21312K, committed 21376K, reserved 253952K
GC Heap History (20 events):
Event: 143.653 GC heap before
{Heap before GC invocations=232 (full 0):
 garbage-first heap   total 524288K, used 500720K [0x00000000e0000000, 0x0000000100000000)
  region size 1024K, 25 young (25600K), 1 survivors (1024K)
 Metaspace       used 147341K, capacity 153003K, committed 154188K, reserved 389120K
  class space    used 18181K, capacity 20224K, committed 20608K, reserved 253952K
}
Event: 143.656 GC heap after
{Heap after GC invocations=233 (full 0):
 garbage-first heap   total 524288K, used 456691K [0x00000000e0000000, 0x0000000100000000)
  region size 1024K, 1 young (1024K), 1 survivors (1024K)
 Metaspace       used 147341K, capacity 153003K, committed 154188K, reserved 389120K
  class space    used 18181K, capacity 20224K, committed 20608K, reserved 253952K
}
Event: 144.066 GC heap before
{Heap before GC invocations=233 (full 0):
 garbage-first heap   total 524288K, used 481267K [0x00000000e0000000, 0x0000000100000000)
  region size 1024K, 25 young (25600K), 1 survivors (1024K)
 Metaspace       used 147344K, capacity 153004K, committed 154188K, reserved 389120K
  class space    used 18181K, capacity 20224K, committed 20608K, reserved 253952K
}
Event: 144.100 GC heap after
{Heap after GC invocations=234 (full 0):
 garbage-first heap   total 524288K, used 413688K [0x00000000e0000000, 0x0000000100000000)
  region size 1024K, 1 young (1024K), 1 survivors (1024K)
 Metaspace       used 147344K, capacity 153004K, committed 154188K, reserved 389120K
  class space    used 18181K, capacity 20224K, committed 20608K, reserved 253952K
}
Event: 145.565 GC heap before
{Heap before GC invocations=234 (full 0):
 garbage-first heap   total 524288K, used 437240K [0x00000000e0000000, 0x0000000100000000)
  region size 1024K, 25 young (25600K), 1 survivors (1024K)
 Metaspace       used 147414K, capacity 153138K, committed 154444K, reserved 389120K
  class space    used 18195K, capacity 20265K, committed 20608K, reserved 253952K
}
Event: 145.677 GC heap after
{Heap after GC invocations=235 (full 0):
 garbage-first heap   total 524288K, used 392906K [0x00000000e0000000, 0x0000000100000000)
  region size 1024K, 2 young (2048K), 2 survivors (2048K)
 Metaspace       used 147414K, capacity 153138K, committed 154444K, reserved 389120K
  class space    used 18195K, capacity 20265K, committed 20608K, reserved 253952K
}
Event: 146.350 GC heap before
{Heap before GC invocations=235 (full 0):
 garbage-first heap   total 524288K, used 451274K [0x00000000e0000000, 0x0000000100000000)
  region size 1024K, 16 young (16384K), 2 survivors (2048K)
 Metaspace       used 148140K, capacity 153893K, committed 155084K, reserved 389120K
  class space    used 18294K, capacity 20378K, committed 20736K, reserved 253952K
}
Event: 146.396 GC heap after
{Heap after GC invocations=236 (full 0):
 garbage-first heap   total 524288K, used 420228K [0x00000000e0000000, 0x0000000100000000)
  region size 1024K, 4 young (4096K), 4 survivors (4096K)
 Metaspace       used 148140K, capacity 153893K, committed 155084K, reserved 389120K
  class space    used 18294K, capacity 20378K, committed 20736K, reserved 253952K
}
Event: 146.396 GC heap before
{Heap before GC invocations=236 (full 0):
 garbage-first heap   total 524288K, used 420228K [0x00000000e0000000, 0x0000000100000000)
  region size 1024K, 4 young (4096K), 4 survivors (4096K)
 Metaspace       used 148140K, capacity 153893K, committed 155084K, reserved 389120K
  class space    used 18294K, capacity 20378K, committed 20736K, reserved 253952K
}
Event: 146.710 GC heap after
{Heap after GC invocations=237 (full 1):
 garbage-first heap   total 524288K, used 202932K [0x00000000e0000000, 0x0000000100000000)
  region size 1024K, 0 young (0K), 0 survivors (0K)
 Metaspace       used 148059K, capacity 153781K, committed 155084K, reserved 389120K
  class space    used 18264K, capacity 20338K, committed 20736K, reserved 253952K
}
Event: 146.901 GC heap before
{Heap before GC invocations=237 (full 1):
 garbage-first heap   total 524288K, used 239796K [0x00000000e0000000, 0x0000000100000000)
  region size 1024K, 14 young (14336K), 0 survivors (0K)
 Metaspace       used 148303K, capacity 154114K, committed 155340K, reserved 389120K
  class space    used 18299K, capacity 20405K, committed 20736K, reserved 253952K
}
Event: 146.905 GC heap after
{Heap after GC invocations=238 (full 1):
 garbage-first heap   total 524288K, used 221467K [0x00000000e0000000, 0x0000000100000000)
  region size 1024K, 2 young (2048K), 2 survivors (2048K)
 Metaspace       used 148303K, capacity 154114K, committed 155340K, reserved 389120K
  class space    used 18299K, capacity 20405K, committed 20736K, reserved 253952K
}
Event: 3711.806 GC heap before
{Heap before GC invocations=239 (full 1):
 garbage-first heap   total 524288K, used 410907K [0x00000000e0000000, 0x0000000100000000)
  region size 1024K, 127 young (130048K), 2 survivors (2048K)
 Metaspace       used 152674K, capacity 158535K, committed 159180K, reserved 393216K
  class space    used 18734K, capacity 20880K, committed 20992K, reserved 253952K
}
Event: 3711.824 GC heap after
{Heap after GC invocations=240 (full 1):
 garbage-first heap   total 524288K, used 189758K [0x00000000e0000000, 0x0000000100000000)
  region size 1024K, 2 young (2048K), 2 survivors (2048K)
 Metaspace       used 152674K, capacity 158535K, committed 159180K, reserved 393216K
  class space    used 18734K, capacity 20880K, committed 20992K, reserved 253952K
}
Event: 4067.397 GC heap before
{Heap before GC invocations=240 (full 1):
 garbage-first heap   total 524288K, used 347454K [0x00000000e0000000, 0x0000000100000000)
  region size 1024K, 157 young (160768K), 2 survivors (2048K)
 Metaspace       used 153908K, capacity 160313K, committed 160588K, reserved 393216K
  class space    used 18961K, capacity 21287K, committed 21376K, reserved 253952K
}
Event: 4067.531 GC heap after
{Heap after GC invocations=241 (full 1):
 garbage-first heap   total 524288K, used 217972K [0x00000000e0000000, 0x0000000100000000)
  region size 1024K, 20 young (20480K), 20 survivors (20480K)
 Metaspace       used 153908K, capacity 160313K, committed 160588K, reserved 393216K
  class space    used 18961K, capacity 21287K, committed 21376K, reserved 253952K
}
Event: 4069.360 GC heap before
{Heap before GC invocations=242 (full 1):
 garbage-first heap   total 524288K, used 350892K [0x00000000e0000000, 0x0000000100000000)
  region size 1024K, 163 young (166912K), 20 survivors (20480K)
 Metaspace       used 153857K, capacity 160075K, committed 160844K, reserved 395264K
  class space    used 18932K, capacity 21254K, committed 21376K, reserved 253952K
}
Event: 4069.449 GC heap after
{Heap after GC invocations=243 (full 1):
 garbage-first heap   total 524288K, used 221136K [0x00000000e0000000, 0x0000000100000000)
  region size 1024K, 16 young (16384K), 16 survivors (16384K)
 Metaspace       used 153857K, capacity 160075K, committed 160844K, reserved 395264K
  class space    used 18932K, capacity 21254K, committed 21376K, reserved 253952K
}
Event: 4069.519 GC heap before
{Heap before GC invocations=243 (full 1):
 garbage-first heap   total 524288K, used 229328K [0x00000000e0000000, 0x0000000100000000)
  region size 1024K, 25 young (25600K), 16 survivors (16384K)
 Metaspace       used 153897K, capacity 160175K, committed 160844K, reserved 395264K
  class space    used 18936K, capacity 21260K, committed 21376K, reserved 253952K
}
Event: 4069.592 GC heap after
{Heap after GC invocations=244 (full 1):
 garbage-first heap   total 524288K, used 195683K [0x00000000e0000000, 0x0000000100000000)
  region size 1024K, 2 young (2048K), 2 survivors (2048K)
 Metaspace       used 153897K, capacity 160175K, committed 160844K, reserved 395264K
  class space    used 18936K, capacity 21260K, committed 21376K, reserved 253952K
}

